#
# A fatal error has been detected by the Java Runtime Environment:
#
#  SIGSEGV (0xb) at pc=0x00000001380e512f, pid=26400, tid=0x0000000000000307
#
# JRE version: Java(TM) SE Runtime Environment (8.0_111-b14) (build 1.8.0_111-b14)
# Java VM: Java HotSpot(TM) 64-Bit Server VM (25.111-b14 mixed mode bsd-amd64 compressed oops)
# Problematic frame:
# C  [librxtxSerial.jnilib+0x312f]  Java_gnu_io_RXTXPort_interruptEventLoop+0x6b
#
# Failed to write core dump. Core dumps have been disabled. To enable core dumping, try "ulimit -c unlimited" before starting Java again
#
# If you would like to submit a bug report, please visit:
#   http://bugreport.java.com/bugreport/crash.jsp
# The crash happened outside the Java Virtual Machine in native code.
# See problematic frame for where to report the bug.
#

---------------  T H R E A D  ---------------

Current thread (0x00007ffead12b000):  JavaThread "JavaFX Application Thread" [_thread_in_native, id=775, stack(0x00007fff52425000,0x00007fff52c25000)]

siginfo: si_signo: 11 (SIGSEGV), si_code: 1 (SEGV_MAPERR), si_addr: 0x00007000051b7868

Registers:
RAX=0x0000000000000000, RBX=0x00007000051b7700, RCX=0x00007fffb757c408, RDX=0xffffffffffffffff
RSP=0x00007fff52c1e070, RBP=0x00007fff52c1e080, RSI=0x0000000000000000, RDI=0x000000000000003c
R8 =0x0000000000000000, R9 =0x0000000002faf080, R10=0x0000000000000001, R11=0x0000000000000247
R12=0x0000000000000029, R13=0x0000000138614cb8, R14=0x00007fff52c1e0f8, R15=0x00007ffead12b000
RIP=0x00000001380e512f, EFLAGS=0x0000000000010206, ERR=0x0000000000000004
  TRAPNO=0x000000000000000e

Top of Stack: (sp=0x00007fff52c1e070)
0x00007fff52c1e070:   0000000138614cb8 0000000000000000
0x00007fff52c1e080:   00007fff52c1e0d8 0000000113adf9f4
0x00007fff52c1e090:   0000000113adf742 00007fff52c1e098
0x00007fff52c1e0a0:   0000000138614cb8 00007fff52c1e0f8
0x00007fff52c1e0b0:   000000013abb3f08 0000000000000000
0x00007fff52c1e0c0:   0000000138614cb8 0000000000000000
0x00007fff52c1e0d0:   00007fff52c1e0f8 00007fff52c1e140
0x00007fff52c1e0e0:   0000000113ad02bd 0000000000000000
0x00007fff52c1e0f0:   0000000113ad9538 000000076eb10200
0x00007fff52c1e100:   00007fff52c1e100 0000000138615257
0x00007fff52c1e110:   00007fff52c1e158 000000013abb3f08
0x00007fff52c1e120:   0000000000000000 00000001386152d8
0x00007fff52c1e130:   00007fff52c1e0f8 00007fff52c1e158
0x00007fff52c1e140:   00007fff52c1e1b0 0000000113ad02bd
0x00007fff52c1e150:   0000000000000000 000000076eb10200
0x00007fff52c1e160:   000000076eb10200 0000000000000000
0x00007fff52c1e170:   00007fff52c1e160 0000000138615dfb
0x00007fff52c1e180:   00007fff52c1e1d8 000000013abb3f08
0x00007fff52c1e190:   0000000000000000 0000000138615e78
0x00007fff52c1e1a0:   00007fff52c1e158 00007fff52c1e1d8
0x00007fff52c1e1b0:   00007fff52c1e230 0000000113ad02bd
0x00007fff52c1e1c0:   0000000000000000 0000000000000000
0x00007fff52c1e1d0:   000000076eb10200 000000076eb10200
0x00007fff52c1e1e0:   0000000000000009 000000076eb200c0
0x00007fff52c1e1f0:   00007fff52c1e1e0 000000012f94bb15
0x00007fff52c1e200:   00007fff52c1e240 000000012f94d770
0x00007fff52c1e210:   0000000000000000 000000012f94bbb8
0x00007fff52c1e220:   00007fff52c1e1d8 00007fff52c1e240
0x00007fff52c1e230:   00007fff52c1e288 0000000113ad02bd
0x00007fff52c1e240:   000000076eb200c0 00007fff52c1e248
0x00007fff52c1e250:   000000012f94ba10 00007fff52c1e298
0x00007fff52c1e260:   000000012f94d770 0000000000000000 

Instructions: (pc=0x00000001380e512f)
0x00000001380e510f:   00 01 00 00 00 48 8b bb 78 01 00 00 be 06 00 00
0x00000001380e511f:   00 e8 4d 27 00 00 bf 50 c3 00 00 e8 c7 27 00 00
0x00000001380e512f:   83 bb 68 01 00 00 01 74 16 48 8b bb 78 01 00 00
0x00000001380e513f:   e8 16 27 00 00 c7 83 68 01 00 00 01 00 00 00 5b 

Register to memory mapping:

RAX=0x0000000000000000 is an unknown value
RBX=0x00007000051b7700 is an unknown value
RCX=0x00007fffb757c408: _thread+0x48 in /usr/lib/system/libsystem_pthread.dylib at 0x00007fffae943000
RDX=0xffffffffffffffff is an unknown value
RSP=0x00007fff52c1e070 is pointing into the stack for thread: 0x00007ffead12b000
RBP=0x00007fff52c1e080 is pointing into the stack for thread: 0x00007ffead12b000
RSI=0x0000000000000000 is an unknown value
RDI=0x000000000000003c is an unknown value
R8 =0x0000000000000000 is an unknown value
R9 =0x0000000002faf080 is an unknown value
R10=0x0000000000000001 is an unknown value
R11=0x0000000000000247 is an unknown value
R12=0x0000000000000029 is an unknown value
R13={method} {0x0000000138614cb8} 'interruptEventLoop' '()V' in 'gnu/io/RXTXPort'
R14=0x00007fff52c1e0f8 is pointing into the stack for thread: 0x00007ffead12b000
R15=0x00007ffead12b000 is a thread


Stack: [0x00007fff52425000,0x00007fff52c25000],  sp=0x00007fff52c1e070,  free space=8164k
Native frames: (J=compiled Java code, j=interpreted, Vv=VM code, C=native code)
C  [librxtxSerial.jnilib+0x312f]  Java_gnu_io_RXTXPort_interruptEventLoop+0x6b
j  gnu.io.RXTXPort.interruptEventLoop()V+0
j  gnu.io.RXTXPort.removeEventListener()V+55
j  gnu.io.RXTXPort.close()V+91
j  com.brok1n.java.fx.serialassistant.view.HomeController.closeSerial()V+29
j  com.brok1n.java.fx.serialassistant.view.HomeController.onOpenCloseBtnClicked()V+16
v  ~StubRoutines::call_stub
V  [libjvm.dylib+0x2ecf8a]  JavaCalls::call_helper(JavaValue*, methodHandle*, JavaCallArguments*, Thread*)+0x6ae
V  [libjvm.dylib+0x4d1bb4]  Reflection::invoke(instanceKlassHandle, methodHandle, Handle, bool, objArrayHandle, BasicType, objArrayHandle, bool, Thread*)+0xe12
V  [libjvm.dylib+0x4d20e8]  Reflection::invoke_method(oopDesc*, Handle, objArrayHandle, Thread*)+0x16c
V  [libjvm.dylib+0x345394]  JVM_InvokeMethod+0x166
j  sun.reflect.NativeMethodAccessorImpl.invoke0(Ljava/lang/reflect/Method;Ljava/lang/Object;[Ljava/lang/Object;)Ljava/lang/Object;+0
j  sun.reflect.NativeMethodAccessorImpl.invoke(Ljava/lang/Object;[Ljava/lang/Object;)Ljava/lang/Object;+100
J 937 C1 sun.reflect.DelegatingMethodAccessorImpl.invoke(Ljava/lang/Object;[Ljava/lang/Object;)Ljava/lang/Object; (10 bytes) @ 0x0000000113e21d0c [0x0000000113e21c00+0x10c]
J 936 C1 java.lang.reflect.Method.invoke(Ljava/lang/Object;[Ljava/lang/Object;)Ljava/lang/Object; (62 bytes) @ 0x0000000113e26edc [0x0000000113e26ae0+0x3fc]
J 1179 C1 sun.reflect.GeneratedMethodAccessor1.invoke(Ljava/lang/Object;[Ljava/lang/Object;)Ljava/lang/Object; (65 bytes) @ 0x0000000113ed13bc [0x0000000113ed1000+0x3bc]
J 937 C1 sun.reflect.DelegatingMethodAccessorImpl.invoke(Ljava/lang/Object;[Ljava/lang/Object;)Ljava/lang/Object; (10 bytes) @ 0x0000000113e21d0c [0x0000000113e21c00+0x10c]
J 936 C1 java.lang.reflect.Method.invoke(Ljava/lang/Object;[Ljava/lang/Object;)Ljava/lang/Object; (62 bytes) @ 0x0000000113e26edc [0x0000000113e26ae0+0x3fc]
j  sun.reflect.misc.MethodUtil.invoke(Ljava/lang/reflect/Method;Ljava/lang/Object;[Ljava/lang/Object;)Ljava/lang/Object;+20
j  javafx.fxml.FXMLLoader$MethodHandler.invoke([Ljava/lang/Object;)V+38
j  javafx.fxml.FXMLLoader$ControllerMethodEventHandler.handle(Ljavafx/event/Event;)V+12
J 2263 C1 com.sun.javafx.event.CompositeEventHandler.dispatchBubblingEvent(Ljavafx/event/Event;)V (57 bytes) @ 0x00000001141ad9d4 [0x00000001141ad600+0x3d4]
J 2088 C1 com.sun.javafx.event.EventHandlerManager.dispatchBubblingEvent(Ljavafx/event/Event;)Ljavafx/event/Event; (23 bytes) @ 0x000000011412a224 [0x0000000114129b80+0x6a4]
J 2093 C1 com.sun.javafx.event.CompositeEventDispatcher.dispatchBubblingEvent(Ljavafx/event/Event;)Ljavafx/event/Event; (35 bytes) @ 0x000000011412d65c [0x000000011412d4a0+0x1bc]
J 2052 C1 com.sun.javafx.event.BasicEventDispatcher.dispatchEvent(Ljavafx/event/Event;Ljavafx/event/EventDispatchChain;)Ljavafx/event/Event; (44 bytes) @ 0x000000011411b6fc [0x000000011411b3c0+0x33c]
J 2845 C2 com.sun.javafx.event.EventDispatchChainImpl.dispatchEvent(Ljavafx/event/Event;)Ljavafx/event/Event; (101 bytes) @ 0x000000011436d358 [0x000000011436d2a0+0xb8]
J 2052 C1 com.sun.javafx.event.BasicEventDispatcher.dispatchEvent(Ljavafx/event/Event;Ljavafx/event/EventDispatchChain;)Ljavafx/event/Event; (44 bytes) @ 0x000000011411b614 [0x000000011411b3c0+0x254]
J 2845 C2 com.sun.javafx.event.EventDispatchChainImpl.dispatchEvent(Ljavafx/event/Event;)Ljavafx/event/Event; (101 bytes) @ 0x000000011436d358 [0x000000011436d2a0+0xb8]
J 2052 C1 com.sun.javafx.event.BasicEventDispatcher.dispatchEvent(Ljavafx/event/Event;Ljavafx/event/EventDispatchChain;)Ljavafx/event/Event; (44 bytes) @ 0x000000011411b614 [0x000000011411b3c0+0x254]
J 2845 C2 com.sun.javafx.event.EventDispatchChainImpl.dispatchEvent(Ljavafx/event/Event;)Ljavafx/event/Event; (101 bytes) @ 0x000000011436d358 [0x000000011436d2a0+0xb8]
J 2341 C1 com.sun.javafx.event.EventUtil.fireEvent(Ljavafx/event/EventTarget;Ljavafx/event/Event;)Ljavafx/event/Event; (81 bytes) @ 0x00000001141ed57c [0x00000001141ece40+0x73c]
J 2607 C1 javafx.scene.Scene$ClickGenerator.postProcess(Ljavafx/scene/input/MouseEvent;Ljavafx/scene/Scene$TargetWrapper;Ljavafx/scene/Scene$TargetWrapper;)V (258 bytes) @ 0x00000001142c7d14 [0x00000001142c6440+0x18d4]
J 2293 C1 javafx.scene.Scene$MouseHandler.process(Ljavafx/scene/input/MouseEvent;Z)V (735 bytes) @ 0x00000001141c0d7c [0x00000001141bdfe0+0x2d9c]
J 2827 C1 javafx.scene.Scene$ScenePeerListener.mouseEvent(Ljavafx/event/EventType;DDDDLjavafx/scene/input/MouseButton;ZZZZZZZZZ)V (50 bytes) @ 0x0000000114359b74 [0x00000001143598a0+0x2d4]
J 2822 C1 com.sun.javafx.tk.quantum.GlassViewEventHandler$MouseEventNotification.run()Ljava/lang/Void; (567 bytes) @ 0x0000000114356a9c [0x0000000114355cc0+0xddc]
J 2821 C1 com.sun.javafx.tk.quantum.GlassViewEventHandler$MouseEventNotification.run()Ljava/lang/Object; (5 bytes) @ 0x0000000114357c0c [0x0000000114357b80+0x8c]
v  ~StubRoutines::call_stub
V  [libjvm.dylib+0x2ecf8a]  JavaCalls::call_helper(JavaValue*, methodHandle*, JavaCallArguments*, Thread*)+0x6ae
V  [libjvm.dylib+0x34d6c8]  JVM_DoPrivileged+0x4b8
J 2122  java.security.AccessController.doPrivileged(Ljava/security/PrivilegedAction;Ljava/security/AccessControlContext;)Ljava/lang/Object; (0 bytes) @ 0x000000011413d855 [0x000000011413d780+0xd5]
J 2625 C1 com.sun.javafx.tk.quantum.GlassViewEventHandler$$Lambda$148.get()Ljava/lang/Object; (8 bytes) @ 0x00000001142daa64 [0x00000001142da880+0x1e4]
J 2268 C1 com.sun.javafx.tk.quantum.QuantumToolkit.runWithoutRenderLock(Ljava/util/function/Supplier;)Ljava/lang/Object; (49 bytes) @ 0x00000001141afbf4 [0x00000001141af6c0+0x534]
J 2622 C1 com.sun.javafx.tk.quantum.GlassViewEventHandler.handleMouseEvent(Lcom/sun/glass/ui/View;JIIIIIIIZZ)V (108 bytes) @ 0x00000001142d98a4 [0x00000001142d9480+0x424]
J 2296 C1 com.sun.glass.ui.View.notifyMouse(IIIIIIIZZ)V (221 bytes) @ 0x00000001141c6dbc [0x00000001141c5ce0+0x10dc]
v  ~StubRoutines::call_stub
V  [libjvm.dylib+0x2ecf8a]  JavaCalls::call_helper(JavaValue*, methodHandle*, JavaCallArguments*, Thread*)+0x6ae
V  [libjvm.dylib+0x324119]  jni_invoke_nonstatic(JNIEnv_*, JavaValue*, _jobject*, JNICallType, _jmethodID*, JNI_ArgumentPusher*, Thread*)+0x2ec
V  [libjvm.dylib+0x3168e7]  jni_CallVoidMethod+0x16b
C  [libglass.dylib+0x2058c]  -[GlassViewDelegate sendJavaMouseEvent:]+0x86c
C  [AppKit+0x937c92]  -[NSWindow(NSEventRouting) _reallySendEvent:isDelayedEvent:]+0x608
C  [AppKit+0x9372be]  -[NSWindow(NSEventRouting) sendEvent:]+0x21d
C  [libglass.dylib+0x25964]  -[GlassWindow_Normal sendEvent:]+0x74
C  [AppKit+0x7bfbf5]  -[NSApplication(NSEvent) sendEvent:]+0x479
C  [AppKit+0x3bf81]  -[NSApplication run]+0x3ea
C  [libglass.dylib+0x654c]  -[GlassApplication runLoop:]+0x72c
C  [Foundation+0x7188a]  __NSThreadPerformPerform+0x146
C  [CoreFoundation+0xa7981]  __CFRUNLOOP_IS_CALLING_OUT_TO_A_SOURCE0_PERFORM_FUNCTION__+0x11
C  [CoreFoundation+0x88a7d]  __CFRunLoopDoSources0+0x22d
C  [CoreFoundation+0x87f76]  __CFRunLoopRun+0x3a6
C  [CoreFoundation+0x87974]  CFRunLoopRunSpecific+0x1a4
C  [java+0x6465]  CreateExecutionEnvironment+0x367
C  [java+0x218c]  JLI_Launch+0x7a0
C  [java+0x84c2]  main+0x65
C  [java+0x19e4]  start+0x34
C  0x0000000000000008

Java frames: (J=compiled Java code, j=interpreted, Vv=VM code)
j  gnu.io.RXTXPort.interruptEventLoop()V+0
j  gnu.io.RXTXPort.removeEventListener()V+55
j  gnu.io.RXTXPort.close()V+91
j  com.brok1n.java.fx.serialassistant.view.HomeController.closeSerial()V+29
j  com.brok1n.java.fx.serialassistant.view.HomeController.onOpenCloseBtnClicked()V+16
v  ~StubRoutines::call_stub
j  sun.reflect.NativeMethodAccessorImpl.invoke0(Ljava/lang/reflect/Method;Ljava/lang/Object;[Ljava/lang/Object;)Ljava/lang/Object;+0
j  sun.reflect.NativeMethodAccessorImpl.invoke(Ljava/lang/Object;[Ljava/lang/Object;)Ljava/lang/Object;+100
J 937 C1 sun.reflect.DelegatingMethodAccessorImpl.invoke(Ljava/lang/Object;[Ljava/lang/Object;)Ljava/lang/Object; (10 bytes) @ 0x0000000113e21d0c [0x0000000113e21c00+0x10c]
J 936 C1 java.lang.reflect.Method.invoke(Ljava/lang/Object;[Ljava/lang/Object;)Ljava/lang/Object; (62 bytes) @ 0x0000000113e26edc [0x0000000113e26ae0+0x3fc]
J 1179 C1 sun.reflect.GeneratedMethodAccessor1.invoke(Ljava/lang/Object;[Ljava/lang/Object;)Ljava/lang/Object; (65 bytes) @ 0x0000000113ed13bc [0x0000000113ed1000+0x3bc]
J 937 C1 sun.reflect.DelegatingMethodAccessorImpl.invoke(Ljava/lang/Object;[Ljava/lang/Object;)Ljava/lang/Object; (10 bytes) @ 0x0000000113e21d0c [0x0000000113e21c00+0x10c]
J 936 C1 java.lang.reflect.Method.invoke(Ljava/lang/Object;[Ljava/lang/Object;)Ljava/lang/Object; (62 bytes) @ 0x0000000113e26edc [0x0000000113e26ae0+0x3fc]
j  sun.reflect.misc.MethodUtil.invoke(Ljava/lang/reflect/Method;Ljava/lang/Object;[Ljava/lang/Object;)Ljava/lang/Object;+20
j  javafx.fxml.FXMLLoader$MethodHandler.invoke([Ljava/lang/Object;)V+38
j  javafx.fxml.FXMLLoader$ControllerMethodEventHandler.handle(Ljavafx/event/Event;)V+12
J 2263 C1 com.sun.javafx.event.CompositeEventHandler.dispatchBubblingEvent(Ljavafx/event/Event;)V (57 bytes) @ 0x00000001141ad9d4 [0x00000001141ad600+0x3d4]
J 2088 C1 com.sun.javafx.event.EventHandlerManager.dispatchBubblingEvent(Ljavafx/event/Event;)Ljavafx/event/Event; (23 bytes) @ 0x000000011412a224 [0x0000000114129b80+0x6a4]
J 2093 C1 com.sun.javafx.event.CompositeEventDispatcher.dispatchBubblingEvent(Ljavafx/event/Event;)Ljavafx/event/Event; (35 bytes) @ 0x000000011412d65c [0x000000011412d4a0+0x1bc]
J 2052 C1 com.sun.javafx.event.BasicEventDispatcher.dispatchEvent(Ljavafx/event/Event;Ljavafx/event/EventDispatchChain;)Ljavafx/event/Event; (44 bytes) @ 0x000000011411b6fc [0x000000011411b3c0+0x33c]
J 2845 C2 com.sun.javafx.event.EventDispatchChainImpl.dispatchEvent(Ljavafx/event/Event;)Ljavafx/event/Event; (101 bytes) @ 0x000000011436d358 [0x000000011436d2a0+0xb8]
J 2052 C1 com.sun.javafx.event.BasicEventDispatcher.dispatchEvent(Ljavafx/event/Event;Ljavafx/event/EventDispatchChain;)Ljavafx/event/Event; (44 bytes) @ 0x000000011411b614 [0x000000011411b3c0+0x254]
J 2845 C2 com.sun.javafx.event.EventDispatchChainImpl.dispatchEvent(Ljavafx/event/Event;)Ljavafx/event/Event; (101 bytes) @ 0x000000011436d358 [0x000000011436d2a0+0xb8]
J 2052 C1 com.sun.javafx.event.BasicEventDispatcher.dispatchEvent(Ljavafx/event/Event;Ljavafx/event/EventDispatchChain;)Ljavafx/event/Event; (44 bytes) @ 0x000000011411b614 [0x000000011411b3c0+0x254]
J 2845 C2 com.sun.javafx.event.EventDispatchChainImpl.dispatchEvent(Ljavafx/event/Event;)Ljavafx/event/Event; (101 bytes) @ 0x000000011436d358 [0x000000011436d2a0+0xb8]
J 2341 C1 com.sun.javafx.event.EventUtil.fireEvent(Ljavafx/event/EventTarget;Ljavafx/event/Event;)Ljavafx/event/Event; (81 bytes) @ 0x00000001141ed57c [0x00000001141ece40+0x73c]
J 2607 C1 javafx.scene.Scene$ClickGenerator.postProcess(Ljavafx/scene/input/MouseEvent;Ljavafx/scene/Scene$TargetWrapper;Ljavafx/scene/Scene$TargetWrapper;)V (258 bytes) @ 0x00000001142c7d14 [0x00000001142c6440+0x18d4]
J 2293 C1 javafx.scene.Scene$MouseHandler.process(Ljavafx/scene/input/MouseEvent;Z)V (735 bytes) @ 0x00000001141c0d7c [0x00000001141bdfe0+0x2d9c]
J 2827 C1 javafx.scene.Scene$ScenePeerListener.mouseEvent(Ljavafx/event/EventType;DDDDLjavafx/scene/input/MouseButton;ZZZZZZZZZ)V (50 bytes) @ 0x0000000114359b74 [0x00000001143598a0+0x2d4]
J 2822 C1 com.sun.javafx.tk.quantum.GlassViewEventHandler$MouseEventNotification.run()Ljava/lang/Void; (567 bytes) @ 0x0000000114356a9c [0x0000000114355cc0+0xddc]
J 2821 C1 com.sun.javafx.tk.quantum.GlassViewEventHandler$MouseEventNotification.run()Ljava/lang/Object; (5 bytes) @ 0x0000000114357c0c [0x0000000114357b80+0x8c]
v  ~StubRoutines::call_stub
J 2122  java.security.AccessController.doPrivileged(Ljava/security/PrivilegedAction;Ljava/security/AccessControlContext;)Ljava/lang/Object; (0 bytes) @ 0x000000011413d7e3 [0x000000011413d780+0x63]
J 2625 C1 com.sun.javafx.tk.quantum.GlassViewEventHandler$$Lambda$148.get()Ljava/lang/Object; (8 bytes) @ 0x00000001142daa64 [0x00000001142da880+0x1e4]
J 2268 C1 com.sun.javafx.tk.quantum.QuantumToolkit.runWithoutRenderLock(Ljava/util/function/Supplier;)Ljava/lang/Object; (49 bytes) @ 0x00000001141afbf4 [0x00000001141af6c0+0x534]
J 2622 C1 com.sun.javafx.tk.quantum.GlassViewEventHandler.handleMouseEvent(Lcom/sun/glass/ui/View;JIIIIIIIZZ)V (108 bytes) @ 0x00000001142d98a4 [0x00000001142d9480+0x424]
J 2296 C1 com.sun.glass.ui.View.notifyMouse(IIIIIIIZZ)V (221 bytes) @ 0x00000001141c6dbc [0x00000001141c5ce0+0x10dc]
v  ~StubRoutines::call_stub

---------------  P R O C E S S  ---------------

Java Threads: ( => current thread )
  0x00007ffeac15f000 JavaThread "Prism Font Disposer" daemon [_thread_blocked, id=59083, stack(0x0000700004f32000,0x0000700005032000)]
  0x00007ffeae037000 JavaThread "Thread-4" daemon [_thread_in_native, id=41731, stack(0x0000700004d29000,0x0000700004da9000)]
=>0x00007ffead12b000 JavaThread "JavaFX Application Thread" [_thread_in_native, id=775, stack(0x00007fff52425000,0x00007fff52c25000)]
  0x00007ffeac804800 JavaThread "Thread-2" daemon [_thread_blocked, id=28679, stack(0x0000700004a1a000,0x0000700004b1a000)]
  0x00007ffead1b6000 JavaThread "QuantumRenderer-0" daemon [_thread_blocked, id=23299, stack(0x0000700004917000,0x0000700004a17000)]
  0x00007ffeaa0a4800 JavaThread "JavaFX-Launcher" [_thread_blocked, id=22787, stack(0x0000700004814000,0x0000700004914000)]
  0x00007ffeae00b800 JavaThread "Monitor Ctrl-Break" daemon [_thread_in_native, id=22275, stack(0x0000700004711000,0x0000700004811000)]
  0x00007ffeac801800 JavaThread "Service Thread" daemon [_thread_blocked, id=21251, stack(0x000070000450b000,0x000070000460b000)]
  0x00007ffeae000000 JavaThread "C1 CompilerThread3" daemon [_thread_blocked, id=20739, stack(0x0000700004408000,0x0000700004508000)]
  0x00007ffead801000 JavaThread "C2 CompilerThread2" daemon [_thread_blocked, id=20227, stack(0x0000700004305000,0x0000700004405000)]
  0x00007ffeaa00c800 JavaThread "C2 CompilerThread1" daemon [_thread_blocked, id=19715, stack(0x0000700004202000,0x0000700004302000)]
  0x00007ffeac035800 JavaThread "C2 CompilerThread0" daemon [_thread_blocked, id=19203, stack(0x00007000040ff000,0x00007000041ff000)]
  0x00007ffeac034800 JavaThread "Signal Dispatcher" daemon [_thread_blocked, id=18691, stack(0x0000700003ffc000,0x00007000040fc000)]
  0x00007ffead001800 JavaThread "Finalizer" daemon [_thread_blocked, id=14595, stack(0x0000700003ef9000,0x0000700003ff9000)]
  0x00007ffeab811000 JavaThread "Reference Handler" daemon [_thread_blocked, id=14083, stack(0x0000700003df6000,0x0000700003ef6000)]
  0x00007ffeab808000 JavaThread "main" [_thread_blocked, id=7171, stack(0x00007000033d8000,0x00007000034d8000)]

Other Threads:
  0x00007ffead800000 VMThread [stack: 0x0000700003cf3000,0x0000700003df3000] [id=13571]
  0x00007ffeab81d000 WatcherThread [stack: 0x000070000460e000,0x000070000470e000] [id=21763]

VM state:not at safepoint (normal execution)

VM Mutex/Monitor currently owned by a thread: None

Heap:
 PSYoungGen      total 76288K, used 24339K [0x000000076ab00000, 0x0000000770000000, 0x00000007c0000000)
  eden space 65536K, 20% used [0x000000076ab00000,0x000000076b863b18,0x000000076eb00000)
  from space 10752K, 98% used [0x000000076eb00000,0x000000076f561478,0x000000076f580000)
  to   space 10752K, 0% used [0x000000076f580000,0x000000076f580000,0x0000000770000000)
 ParOldGen       total 175104K, used 2136K [0x00000006c0000000, 0x00000006cab00000, 0x000000076ab00000)
  object space 175104K, 1% used [0x00000006c0000000,0x00000006c0216020,0x00000006cab00000)
 Metaspace       used 19494K, capacity 20776K, committed 21120K, reserved 1067008K
  class space    used 2825K, capacity 3089K, committed 3200K, reserved 1048576K

Card table byte_map: [0x000000010f561000,0x000000010fd62000] byte_map_base: 0x000000010bf61000

Marking Bits: (ParMarkBitMap*) 0x000000010eaefd20
 Begin Bits: [0x0000000122ac8000, 0x0000000126ac8000)
 End Bits:   [0x0000000126ac8000, 0x000000012aac8000)

Polling page: 0x000000010d0af000

CodeCache: size=245760Kb used=8870Kb max_used=8877Kb free=236889Kb
 bounds [0x0000000113ac8000, 0x0000000114388000, 0x0000000122ac8000]
 total_blobs=3516 nmethods=2852 adapters=577
 compilation: enabled

Compilation events (10 events):
Event: 18.806 Thread 0x00007ffeae000000 2848       3       com.sun.javafx.stage.WindowCloseRequestHandler::dispatchBubblingEvent (23 bytes)
Event: 18.807 Thread 0x00007ffeae000000 nmethod 2848 0x000000011436c650 code [0x000000011436c7e0, 0x000000011436cbf8]
Event: 18.807 Thread 0x00007ffeae000000 2849       3       com.sun.javafx.event.BasicEventDispatcher::dispatchBubblingEvent (2 bytes)
Event: 18.807 Thread 0x00007ffeae000000 nmethod 2849 0x000000011436b150 code [0x000000011436b2a0, 0x000000011436b3f0]
Event: 19.329 Thread 0x00007ffeae000000 2850       3       com.sun.prism.es2.ES2Context::updateClipRect (138 bytes)
Event: 19.330 Thread 0x00007ffeae000000 nmethod 2850 0x000000011436f490 code [0x000000011436f680, 0x0000000114370028]
Event: 19.330 Thread 0x00007ffeae000000 2851       3       com.sun.prism.es2.GLContext::scissorTest (15 bytes)
Event: 19.330 Thread 0x00007ffeae000000 nmethod 2851 0x000000011436c290 code [0x000000011436c400, 0x000000011436c588]
Event: 19.439 Thread 0x00007ffeae000000 2853       3       javafx.beans.property.ReadOnlyBooleanWrapper::fireValueChangedEvent (19 bytes)
Event: 19.439 Thread 0x00007ffeae000000 nmethod 2853 0x000000011436eb10 code [0x000000011436ecc0, 0x000000011436f258]

GC Heap History (2 events):
Event: 9.626 GC heap before
{Heap before GC invocations=1 (full 0):
 PSYoungGen      total 76288K, used 62505K [0x000000076ab00000, 0x0000000770000000, 0x00000007c0000000)
  eden space 65536K, 95% used [0x000000076ab00000,0x000000076e80a6b0,0x000000076eb00000)
  from space 10752K, 0% used [0x000000076f580000,0x000000076f580000,0x0000000770000000)
  to   space 10752K, 0% used [0x000000076eb00000,0x000000076eb00000,0x000000076f580000)
 ParOldGen       total 175104K, used 0K [0x00000006c0000000, 0x00000006cab00000, 0x000000076ab00000)
  object space 175104K, 0% used [0x00000006c0000000,0x00000006c0000000,0x00000006cab00000)
 Metaspace       used 19441K, capacity 20712K, committed 20864K, reserved 1067008K
  class space    used 2824K, capacity 3089K, committed 3200K, reserved 1048576K
Event: 9.637 GC heap after
Heap after GC invocations=1 (full 0):
 PSYoungGen      total 76288K, used 10629K [0x000000076ab00000, 0x0000000770000000, 0x00000007c0000000)
  eden space 65536K, 0% used [0x000000076ab00000,0x000000076ab00000,0x000000076eb00000)
  from space 10752K, 98% used [0x000000076eb00000,0x000000076f561478,0x000000076f580000)
  to   space 10752K, 0% used [0x000000076f580000,0x000000076f580000,0x0000000770000000)
 ParOldGen       total 175104K, used 2136K [0x00000006c0000000, 0x00000006cab00000, 0x000000076ab00000)
  object space 175104K, 1% used [0x00000006c0000000,0x00000006c0216020,0x00000006cab00000)
 Metaspace       used 19441K, capacity 20712K, committed 20864K, reserved 1067008K
  class space    used 2824K, capacity 3089K, committed 3200K, reserved 1048576K
}

Deoptimization events (10 events):
Event: 4.548 Thread 0x00007ffead12b000 Uncommon trap: reason=class_check action=maybe_recompile pc=0x0000000114083190 method=javafx.scene.Scene.getRoot()Ljavafx/scene/Parent; @ 18
Event: 4.549 Thread 0x00007ffead12b000 Uncommon trap: reason=array_check action=maybe_recompile pc=0x0000000114168aa8 method=com.sun.javafx.css.CompoundSelector.applies(Ljavafx/css/Styleable;[Ljava/util/Set;I)Z @ 128
Event: 6.630 Thread 0x00007ffead12b000 Uncommon trap: reason=unstable_if action=reinterpret pc=0x00000001141f61c4 method=javafx.scene.Node.impl_pickNode(Lcom/sun/javafx/geom/PickRay;Lcom/sun/javafx/scene/input/PickResultChooser;)V @ 18
Event: 6.993 Thread 0x00007ffead12b000 Uncommon trap: reason=unstable_if action=reinterpret pc=0x0000000114057538 method=com.sun.javafx.css.StyleManager$CacheContainer.getStyleMap(I)Lcom/sun/javafx/css/StyleMap; @ 22
Event: 7.072 Thread 0x00007ffead12b000 Uncommon trap: reason=unstable_if action=reinterpret pc=0x0000000113fbdffc method=jdk.internal.org.objectweb.asm.Item.isEqualTo(Ljdk/internal/org/objectweb/asm/Item;)Z @ 331
Event: 9.640 Thread 0x00007ffead12b000 Uncommon trap: reason=unstable_if action=reinterpret pc=0x00000001143230f0 method=java.lang.ref.ReferenceQueue.poll()Ljava/lang/ref/Reference; @ 4
Event: 9.640 Thread 0x00007ffead12b000 Uncommon trap: reason=unstable_if action=reinterpret pc=0x0000000114294e60 method=java.lang.ref.ReferenceQueue.poll()Ljava/lang/ref/Reference; @ 4
Event: 9.640 Thread 0x00007ffead001800 Uncommon trap: reason=unstable_if action=reinterpret pc=0x0000000113fbfbbc method=java.lang.ref.ReferenceQueue.poll()Ljava/lang/ref/Reference; @ 4
Event: 9.649 Thread 0x00007ffead12b000 Uncommon trap: reason=unstable_if action=reinterpret pc=0x00000001141eb394 method=com.sun.javafx.geom.RectBounds.isEmpty()Z @ 21
Event: 9.652 Thread 0x00007ffead1b6000 Uncommon trap: reason=unstable_if action=reinterpret pc=0x0000000114296b54 method=java.lang.Math.round(F)I @ 23

Internal exceptions (10 events):
Event: 2.791 Thread 0x00007ffeac216800 Exception <a 'java/io/FileNotFoundException'> (0x000000076ce2b3f8) thrown at [/Users/java_re/workspace/8-2-build-macosx-x86_64/jdk8u111/7883/hotspot/src/share/vm/prims/jni.cpp, line 709]
Event: 2.792 Thread 0x00007ffeac216800 Exception <a 'java/io/FileNotFoundException'> (0x000000076ce2d838) thrown at [/Users/java_re/workspace/8-2-build-macosx-x86_64/jdk8u111/7883/hotspot/src/share/vm/prims/jni.cpp, line 709]
Event: 2.793 Thread 0x00007ffeac216800 Exception <a 'java/io/FileNotFoundException'> (0x000000076ce37998) thrown at [/Users/java_re/workspace/8-2-build-macosx-x86_64/jdk8u111/7883/hotspot/src/share/vm/prims/jni.cpp, line 709]
Event: 2.793 Thread 0x00007ffeac216800 Exception <a 'java/io/FileNotFoundException'> (0x000000076ce39ca8) thrown at [/Users/java_re/workspace/8-2-build-macosx-x86_64/jdk8u111/7883/hotspot/src/share/vm/prims/jni.cpp, line 709]
Event: 2.905 Thread 0x00007ffead12b000 Implicit null exception at 0x0000000113db6535 to 0x0000000113db6771
Event: 2.905 Thread 0x00007ffead12b000 Implicit null exception at 0x0000000113df90bb to 0x0000000113df98f5
Event: 2.920 Thread 0x00007ffead12b000 Implicit null exception at 0x0000000113d7686f to 0x0000000113d768d9
Event: 3.081 Thread 0x00007ffead12b000 Implicit null exception at 0x0000000113f9ffec to 0x0000000113fa0791
Event: 9.615 Thread 0x00007ffead12b000 Exception <a 'java/io/FileNotFoundException'> (0x000000076e5f0700) thrown at [/Users/java_re/workspace/8-2-build-macosx-x86_64/jdk8u111/7883/hotspot/src/share/vm/prims/jni.cpp, line 709]
Event: 9.615 Thread 0x00007ffead12b000 Exception <a 'java/io/FileNotFoundException'> (0x000000076e5f2bf8) thrown at [/Users/java_re/workspace/8-2-build-macosx-x86_64/jdk8u111/7883/hotspot/src/share/vm/prims/jni.cpp, line 709]

Events (10 events):
Event: 9.642 Executing VM operation: RevokeBias done
Event: 9.649 Thread 0x00007ffead12b000 Uncommon trap: trap_request=0xffffff65 fr.pc=0x00000001141eb394
Event: 9.649 Thread 0x00007ffead12b000 DEOPT PACKING pc=0x00000001141eb394 sp=0x00007fff52c1d500
Event: 9.649 Thread 0x00007ffead12b000 DEOPT UNPACKING pc=0x0000000113acd229 sp=0x00007fff52c1d3e0 mode 2
Event: 9.652 Thread 0x00007ffead1b6000 Uncommon trap: trap_request=0xffffff65 fr.pc=0x0000000114296b54
Event: 9.652 Thread 0x00007ffead1b6000 DEOPT PACKING pc=0x0000000114296b54 sp=0x0000700004a15230
Event: 9.652 Thread 0x00007ffead1b6000 DEOPT UNPACKING pc=0x0000000113acd229 sp=0x0000700004a151d8 mode 2
Event: 19.440 Executing VM operation: RevokeBias
Event: 19.440 Executing VM operation: RevokeBias done
Event: 19.440 Thread 0x00007ffeaba36800 Thread exited: 0x00007ffeaba36800


Dynamic libraries:
0x0000000023e26000 	/System/Library/Frameworks/Cocoa.framework/Versions/A/Cocoa
0x0000000023e26000 	/System/Library/Frameworks/Security.framework/Versions/A/Security
0x0000000023e26000 	/System/Library/Frameworks/ApplicationServices.framework/Versions/A/ApplicationServices
0x0000000023e26000 	/usr/lib/libz.1.dylib
0x0000000023e26000 	/usr/lib/libSystem.B.dylib
0x0000000023e26000 	/usr/lib/libobjc.A.dylib
0x0000000023e26000 	/System/Library/Frameworks/CoreFoundation.framework/Versions/A/CoreFoundation
0x0000000023e26000 	/System/Library/Frameworks/Foundation.framework/Versions/C/Foundation
0x0000000023e26000 	/System/Library/Frameworks/AppKit.framework/Versions/C/AppKit
0x0000000023e26000 	/System/Library/Frameworks/CoreData.framework/Versions/A/CoreData
0x0000000023e26000 	/System/Library/PrivateFrameworks/RemoteViewServices.framework/Versions/A/RemoteViewServices
0x0000000023e26000 	/System/Library/PrivateFrameworks/UIFoundation.framework/Versions/A/UIFoundation
0x0000000023e26000 	/System/Library/PrivateFrameworks/DFRFoundation.framework/Versions/A/DFRFoundation
0x0000000023e26000 	/usr/lib/libenergytrace.dylib
0x0000000023e26000 	/System/Library/PrivateFrameworks/SkyLight.framework/Versions/A/SkyLight
0x0000000023e26000 	/System/Library/Frameworks/CoreGraphics.framework/Versions/A/CoreGraphics
0x0000000023e26000 	/usr/lib/libScreenReader.dylib
0x0000000023e26000 	/System/Library/Frameworks/Accelerate.framework/Versions/A/Accelerate
0x0000000023e26000 	/System/Library/Frameworks/IOSurface.framework/Versions/A/IOSurface
0x0000000023e26000 	/System/Library/Frameworks/AudioToolbox.framework/Versions/A/AudioToolbox
0x0000000023e26000 	/System/Library/Frameworks/AudioUnit.framework/Versions/A/AudioUnit
0x0000000023e26000 	/System/Library/PrivateFrameworks/DataDetectorsCore.framework/Versions/A/DataDetectorsCore
0x0000000023e26000 	/System/Library/PrivateFrameworks/DesktopServicesPriv.framework/Versions/A/DesktopServicesPriv
0x0000000023e26000 	/System/Library/Frameworks/Carbon.framework/Versions/A/Frameworks/HIToolbox.framework/Versions/A/HIToolbox
0x0000000023e26000 	/usr/lib/libicucore.A.dylib
0x0000000023e26000 	/System/Library/Frameworks/QuartzCore.framework/Versions/A/QuartzCore
0x0000000023e26000 	/System/Library/Frameworks/Carbon.framework/Versions/A/Frameworks/SpeechRecognition.framework/Versions/A/SpeechRecognition
0x0000000023e26000 	/usr/lib/libauto.dylib
0x0000000023e26000 	/usr/lib/libxml2.2.dylib
0x0000000023e26000 	/System/Library/PrivateFrameworks/CoreUI.framework/Versions/A/CoreUI
0x0000000023e26000 	/System/Library/Frameworks/CoreAudio.framework/Versions/A/CoreAudio
0x0000000023e26000 	/System/Library/Frameworks/DiskArbitration.framework/Versions/A/DiskArbitration
0x0000000023e26000 	/usr/lib/liblangid.dylib
0x0000000023e26000 	/System/Library/PrivateFrameworks/MultitouchSupport.framework/Versions/A/MultitouchSupport
0x0000000023e26000 	/System/Library/Frameworks/IOKit.framework/Versions/A/IOKit
0x0000000023e26000 	/usr/lib/libDiagnosticMessagesClient.dylib
0x0000000023e26000 	/System/Library/Frameworks/CoreServices.framework/Versions/A/CoreServices
0x0000000023e26000 	/System/Library/PrivateFrameworks/PerformanceAnalysis.framework/Versions/A/PerformanceAnalysis
0x0000000023e26000 	/System/Library/PrivateFrameworks/GenerationalStorage.framework/Versions/A/GenerationalStorage
0x0000000023e26000 	/System/Library/Frameworks/OpenGL.framework/Versions/A/OpenGL
0x0000000023e26000 	/System/Library/Frameworks/CoreImage.framework/Versions/A/CoreImage
0x0000000023e26000 	/System/Library/Frameworks/CoreText.framework/Versions/A/CoreText
0x0000000023e26000 	/System/Library/Frameworks/ImageIO.framework/Versions/A/ImageIO
0x0000000023e26000 	/System/Library/PrivateFrameworks/Backup.framework/Versions/A/Backup
0x0000000023e26000 	/usr/lib/libarchive.2.dylib
0x0000000023e26000 	/System/Library/Frameworks/CFNetwork.framework/Versions/A/CFNetwork
0x0000000023e26000 	/System/Library/Frameworks/SystemConfiguration.framework/Versions/A/SystemConfiguration
0x0000000023e26000 	/usr/lib/libCRFSuite.dylib
0x0000000023e26000 	/usr/lib/libc++.1.dylib
0x0000000023e26000 	/usr/lib/libc++abi.dylib
0x0000000023e26000 	/usr/lib/system/libcache.dylib
0x0000000023e26000 	/usr/lib/system/libcommonCrypto.dylib
0x0000000023e26000 	/usr/lib/system/libcompiler_rt.dylib
0x0000000023e26000 	/usr/lib/system/libcopyfile.dylib
0x0000000023e26000 	/usr/lib/system/libcorecrypto.dylib
0x0000000023e26000 	/usr/lib/system/libdispatch.dylib
0x0000000023e26000 	/usr/lib/system/libdyld.dylib
0x0000000023e26000 	/usr/lib/system/libkeymgr.dylib
0x0000000023e26000 	/usr/lib/system/liblaunch.dylib
0x0000000023e26000 	/usr/lib/system/libmacho.dylib
0x0000000023e26000 	/usr/lib/system/libquarantine.dylib
0x0000000023e26000 	/usr/lib/system/libremovefile.dylib
0x0000000023e26000 	/usr/lib/system/libsystem_asl.dylib
0x0000000023e26000 	/usr/lib/system/libsystem_blocks.dylib
0x0000000023e26000 	/usr/lib/system/libsystem_c.dylib
0x0000000023e26000 	/usr/lib/system/libsystem_configuration.dylib
0x0000000023e26000 	/usr/lib/system/libsystem_coreservices.dylib
0x0000000023e26000 	/usr/lib/system/libsystem_coretls.dylib
0x0000000023e26000 	/usr/lib/system/libsystem_dnssd.dylib
0x0000000023e26000 	/usr/lib/system/libsystem_info.dylib
0x0000000023e26000 	/usr/lib/system/libsystem_kernel.dylib
0x0000000023e26000 	/usr/lib/system/libsystem_m.dylib
0x0000000023e26000 	/usr/lib/system/libsystem_malloc.dylib
0x0000000023e26000 	/usr/lib/system/libsystem_network.dylib
0x0000000023e26000 	/usr/lib/system/libsystem_networkextension.dylib
0x0000000023e26000 	/usr/lib/system/libsystem_notify.dylib
0x0000000023e26000 	/usr/lib/system/libsystem_platform.dylib
0x0000000023e26000 	/usr/lib/system/libsystem_pthread.dylib
0x0000000023e26000 	/usr/lib/system/libsystem_sandbox.dylib
0x0000000023e26000 	/usr/lib/system/libsystem_secinit.dylib
0x0000000023e26000 	/usr/lib/system/libsystem_symptoms.dylib
0x0000000023e26000 	/usr/lib/system/libsystem_trace.dylib
0x0000000023e26000 	/usr/lib/system/libunwind.dylib
0x0000000023e26000 	/usr/lib/system/libxpc.dylib
0x0000000023e26000 	/usr/lib/libbsm.0.dylib
0x0000000023e26000 	/usr/lib/system/libkxld.dylib
0x0000000023e26000 	/usr/lib/libcoretls.dylib
0x0000000023e26000 	/usr/lib/libcoretls_cfhelpers.dylib
0x0000000023e26000 	/usr/lib/libxar.1.dylib
0x0000000023e26000 	/usr/lib/libsqlite3.dylib
0x0000000023e26000 	/usr/lib/libpam.2.dylib
0x0000000023e26000 	/usr/lib/libOpenScriptingUtil.dylib
0x0000000023e26000 	/usr/lib/libbz2.1.0.dylib
0x0000000023e26000 	/usr/lib/liblzma.5.dylib
0x0000000023e26000 	/usr/lib/libnetwork.dylib
0x0000000023e26000 	/usr/lib/libpcap.A.dylib
0x0000000023e26000 	/System/Library/Frameworks/CoreServices.framework/Versions/A/Frameworks/FSEvents.framework/Versions/A/FSEvents
0x0000000023e26000 	/System/Library/Frameworks/CoreServices.framework/Versions/A/Frameworks/CarbonCore.framework/Versions/A/CarbonCore
0x0000000023e26000 	/System/Library/Frameworks/CoreServices.framework/Versions/A/Frameworks/Metadata.framework/Versions/A/Metadata
0x0000000023e26000 	/System/Library/Frameworks/CoreServices.framework/Versions/A/Frameworks/OSServices.framework/Versions/A/OSServices
0x0000000023e26000 	/System/Library/Frameworks/CoreServices.framework/Versions/A/Frameworks/SearchKit.framework/Versions/A/SearchKit
0x0000000023e26000 	/System/Library/Frameworks/CoreServices.framework/Versions/A/Frameworks/AE.framework/Versions/A/AE
0x0000000023e26000 	/System/Library/Frameworks/CoreServices.framework/Versions/A/Frameworks/LaunchServices.framework/Versions/A/LaunchServices
0x0000000023e26000 	/System/Library/Frameworks/CoreServices.framework/Versions/A/Frameworks/DictionaryServices.framework/Versions/A/DictionaryServices
0x0000000023e26000 	/System/Library/Frameworks/CoreServices.framework/Versions/A/Frameworks/SharedFileList.framework/Versions/A/SharedFileList
0x0000000023e26000 	/System/Library/Frameworks/NetFS.framework/Versions/A/NetFS
0x0000000023e26000 	/System/Library/PrivateFrameworks/NetAuth.framework/Versions/A/NetAuth
0x0000000023e26000 	/System/Library/PrivateFrameworks/login.framework/Versions/A/Frameworks/loginsupport.framework/Versions/A/loginsupport
0x0000000023e26000 	/System/Library/PrivateFrameworks/TCC.framework/Versions/A/TCC
0x0000000023e26000 	/usr/lib/libmecabra.dylib
0x0000000023e26000 	/System/Library/Frameworks/ApplicationServices.framework/Versions/A/Frameworks/ATS.framework/Versions/A/ATS
0x0000000023e26000 	/System/Library/Frameworks/ApplicationServices.framework/Versions/A/Frameworks/ColorSync.framework/Versions/A/ColorSync
0x0000000023e26000 	/System/Library/Frameworks/ApplicationServices.framework/Versions/A/Frameworks/HIServices.framework/Versions/A/HIServices
0x0000000023e26000 	/System/Library/Frameworks/ApplicationServices.framework/Versions/A/Frameworks/LangAnalysis.framework/Versions/A/LangAnalysis
0x0000000023e26000 	/System/Library/Frameworks/ApplicationServices.framework/Versions/A/Frameworks/PrintCore.framework/Versions/A/PrintCore
0x0000000023e26000 	/System/Library/Frameworks/ApplicationServices.framework/Versions/A/Frameworks/QD.framework/Versions/A/QD
0x0000000023e26000 	/System/Library/Frameworks/ApplicationServices.framework/Versions/A/Frameworks/SpeechSynthesis.framework/Versions/A/SpeechSynthesis
0x0000000023e26000 	/System/Library/Frameworks/Accelerate.framework/Versions/A/Frameworks/vImage.framework/Versions/A/vImage
0x0000000023e26000 	/System/Library/Frameworks/Accelerate.framework/Versions/A/Frameworks/vecLib.framework/Versions/A/vecLib
0x0000000023e26000 	/System/Library/Frameworks/Accelerate.framework/Versions/A/Frameworks/vecLib.framework/Versions/A/libvDSP.dylib
0x0000000023e26000 	/System/Library/Frameworks/Accelerate.framework/Versions/A/Frameworks/vecLib.framework/Versions/A/libBNNS.dylib
0x0000000023e26000 	/System/Library/Frameworks/Accelerate.framework/Versions/A/Frameworks/vecLib.framework/Versions/A/libQuadrature.dylib
0x0000000023e26000 	/System/Library/Frameworks/Accelerate.framework/Versions/A/Frameworks/vecLib.framework/Versions/A/libvMisc.dylib
0x0000000023e26000 	/System/Library/Frameworks/Accelerate.framework/Versions/A/Frameworks/vecLib.framework/Versions/A/libLAPACK.dylib
0x0000000023e26000 	/System/Library/Frameworks/Accelerate.framework/Versions/A/Frameworks/vecLib.framework/Versions/A/libBLAS.dylib
0x0000000023e26000 	/System/Library/Frameworks/Accelerate.framework/Versions/A/Frameworks/vecLib.framework/Versions/A/libLinearAlgebra.dylib
0x0000000023e26000 	/System/Library/Frameworks/Accelerate.framework/Versions/A/Frameworks/vecLib.framework/Versions/A/libSparseBLAS.dylib
0x0000000023e26000 	/System/Library/Frameworks/ApplicationServices.framework/Versions/A/Frameworks/ATS.framework/Versions/A/Resources/libFontParser.dylib
0x0000000023e26000 	/System/Library/Frameworks/ApplicationServices.framework/Versions/A/Frameworks/ATS.framework/Versions/A/Resources/libFontRegistry.dylib
0x0000000023e26000 	/System/Library/Frameworks/ImageIO.framework/Versions/A/Resources/libJPEG.dylib
0x0000000023e26000 	/System/Library/Frameworks/ImageIO.framework/Versions/A/Resources/libTIFF.dylib
0x0000000023e26000 	/System/Library/Frameworks/ImageIO.framework/Versions/A/Resources/libPng.dylib
0x0000000023e26000 	/System/Library/Frameworks/ImageIO.framework/Versions/A/Resources/libGIF.dylib
0x0000000023e26000 	/System/Library/Frameworks/ImageIO.framework/Versions/A/Resources/libJP2.dylib
0x0000000023e26000 	/System/Library/Frameworks/ImageIO.framework/Versions/A/Resources/libRadiance.dylib
0x0000000023e26000 	/usr/lib/libcompression.dylib
0x0000000023e26000 	/System/Library/PrivateFrameworks/AppleJPEG.framework/Versions/A/AppleJPEG
0x0000000023e26000 	/usr/lib/libcups.2.dylib
0x0000000023e26000 	/System/Library/Frameworks/Kerberos.framework/Versions/A/Kerberos
0x0000000023e26000 	/System/Library/Frameworks/GSS.framework/Versions/A/GSS
0x0000000023e26000 	/usr/lib/libresolv.9.dylib
0x0000000023e26000 	/usr/lib/libiconv.2.dylib
0x0000000023e26000 	/System/Library/PrivateFrameworks/Heimdal.framework/Versions/A/Heimdal
0x0000000023e26000 	/usr/lib/libheimdal-asn1.dylib
0x0000000023e26000 	/System/Library/Frameworks/OpenDirectory.framework/Versions/A/OpenDirectory
0x0000000023e26000 	/System/Library/PrivateFrameworks/CommonAuth.framework/Versions/A/CommonAuth
0x0000000023e26000 	/System/Library/Frameworks/OpenDirectory.framework/Versions/A/Frameworks/CFOpenDirectory.framework/Versions/A/CFOpenDirectory
0x0000000023e26000 	/System/Library/Frameworks/SecurityFoundation.framework/Versions/A/SecurityFoundation
0x0000000023e26000 	/System/Library/PrivateFrameworks/LanguageModeling.framework/Versions/A/LanguageModeling
0x0000000023e26000 	/usr/lib/libmarisa.dylib
0x0000000023e26000 	/usr/lib/libChineseTokenizer.dylib
0x0000000023e26000 	/usr/lib/libcmph.dylib
0x0000000023e26000 	/System/Library/PrivateFrameworks/CoreEmoji.framework/Versions/A/CoreEmoji
0x0000000023e26000 	/System/Library/Frameworks/ServiceManagement.framework/Versions/A/ServiceManagement
0x0000000023e26000 	/usr/lib/libxslt.1.dylib
0x0000000023e26000 	/System/Library/Frameworks/Carbon.framework/Versions/A/Frameworks/Ink.framework/Versions/A/Ink
0x0000000023e26000 	/System/Library/PrivateFrameworks/TextureIO.framework/Versions/A/TextureIO
0x0000000023e26000 	/System/Library/Frameworks/Metal.framework/Versions/A/Metal
0x0000000023e26000 	/usr/lib/libate.dylib
0x0000000023e26000 	/System/Library/PrivateFrameworks/GPUCompiler.framework/libmetal_timestamp.dylib
0x0000000023e26000 	/System/Library/Frameworks/OpenGL.framework/Versions/A/Libraries/libCoreFSCache.dylib
0x0000000023e26000 	/System/Library/PrivateFrameworks/IOAccelerator.framework/Versions/A/IOAccelerator
0x0000000023e26000 	/System/Library/Frameworks/CoreVideo.framework/Versions/A/CoreVideo
0x0000000023e26000 	/usr/lib/libFosl_dynamic.dylib
0x0000000023e26000 	/System/Library/PrivateFrameworks/MetalPerformanceShaders.framework/Versions/A/MetalPerformanceShaders
0x0000000023e26000 	/System/Library/PrivateFrameworks/FaceCore.framework/Versions/A/FaceCore
0x0000000023e26000 	/System/Library/Frameworks/OpenCL.framework/Versions/A/OpenCL
0x0000000023e26000 	/System/Library/Frameworks/OpenGL.framework/Versions/A/Libraries/libGLU.dylib
0x0000000023e26000 	/System/Library/Frameworks/OpenGL.framework/Versions/A/Libraries/libGFXShared.dylib
0x0000000023e26000 	/System/Library/Frameworks/OpenGL.framework/Versions/A/Libraries/libGL.dylib
0x0000000023e26000 	/System/Library/Frameworks/OpenGL.framework/Versions/A/Libraries/libGLImage.dylib
0x0000000023e26000 	/System/Library/Frameworks/OpenGL.framework/Versions/A/Libraries/libCVMSPluginSupport.dylib
0x0000000023e26000 	/System/Library/Frameworks/OpenGL.framework/Versions/A/Libraries/libCoreVMClient.dylib
0x0000000023e26000 	/System/Library/PrivateFrameworks/CrashReporterSupport.framework/Versions/A/CrashReporterSupport
0x0000000023e26000 	/System/Library/PrivateFrameworks/Sharing.framework/Versions/A/Sharing
0x0000000023e26000 	/System/Library/PrivateFrameworks/IconServices.framework/Versions/A/IconServices
0x0000000023e26000 	/System/Library/PrivateFrameworks/ProtocolBuffer.framework/Versions/A/ProtocolBuffer
0x0000000023e26000 	/System/Library/PrivateFrameworks/Apple80211.framework/Versions/A/Apple80211
0x0000000023e26000 	/System/Library/Frameworks/CoreWLAN.framework/Versions/A/CoreWLAN
0x0000000023e26000 	/System/Library/PrivateFrameworks/CoreUtils.framework/Versions/A/CoreUtils
0x0000000023e26000 	/System/Library/Frameworks/IOBluetooth.framework/Versions/A/IOBluetooth
0x0000000023e26000 	/System/Library/PrivateFrameworks/CoreWiFi.framework/Versions/A/CoreWiFi
0x0000000023e26000 	/System/Library/Frameworks/CoreBluetooth.framework/Versions/A/CoreBluetooth
0x0000000023e26000 	/System/Library/Frameworks/CoreDisplay.framework/Versions/A/CoreDisplay
0x0000000023e26000 	/System/Library/PrivateFrameworks/IOPresentment.framework/Versions/A/IOPresentment
0x0000000023e26000 	/System/Library/PrivateFrameworks/DebugSymbols.framework/Versions/A/DebugSymbols
0x0000000023e26000 	/System/Library/PrivateFrameworks/CoreSymbolication.framework/Versions/A/CoreSymbolication
0x0000000023e26000 	/System/Library/PrivateFrameworks/Symbolication.framework/Versions/A/Symbolication
0x0000000023e26000 	/System/Library/PrivateFrameworks/AppleFSCompression.framework/Versions/A/AppleFSCompression
0x0000000023e26000 	/System/Library/PrivateFrameworks/SpeechRecognitionCore.framework/Versions/A/SpeechRecognitionCore
0x0000000023e26000 	/System/Library/PrivateFrameworks/ChunkingLibrary.framework/Versions/A/ChunkingLibrary
0x000000010d028000 	/System/Library/CoreServices/Encodings/libSimplifiedChineseConverter.dylib
0x000000010e200000 	/Library/Java/JavaVirtualMachines/jdk1.8.0_111.jdk/Contents/Home/jre/lib/server/libjvm.dylib
0x0000000023e26000 	/usr/lib/libstdc++.6.dylib
0x000000010d06c000 	/Library/Java/JavaVirtualMachines/jdk1.8.0_111.jdk/Contents/Home/jre/lib/libverify.dylib
0x000000010d07a000 	/Library/Java/JavaVirtualMachines/jdk1.8.0_111.jdk/Contents/Home/jre/lib/libjava.dylib
0x000000010d0b9000 	/Library/Java/JavaVirtualMachines/jdk1.8.0_111.jdk/Contents/Home/jre/lib/libzip.dylib
0x0000000113133000 	/System/Library/Frameworks/JavaVM.framework/Frameworks/JavaRuntimeSupport.framework/JavaRuntimeSupport
0x000000010d1e7000 	/System/Library/Frameworks/JavaVM.framework/Versions/A/Frameworks/JavaNativeFoundation.framework/Versions/A/JavaNativeFoundation
0x000000011314d000 	/System/Library/Frameworks/JavaVM.framework/Versions/A/JavaVM
0x0000000023e26000 	/System/Library/Frameworks/Carbon.framework/Versions/A/Carbon
0x000000011315a000 	/System/Library/PrivateFrameworks/JavaLaunching.framework/Versions/A/JavaLaunching
0x0000000023e26000 	/System/Library/Frameworks/Carbon.framework/Versions/A/Frameworks/CommonPanels.framework/Versions/A/CommonPanels
0x0000000023e26000 	/System/Library/Frameworks/Carbon.framework/Versions/A/Frameworks/Help.framework/Versions/A/Help
0x0000000023e26000 	/System/Library/Frameworks/Carbon.framework/Versions/A/Frameworks/ImageCapture.framework/Versions/A/ImageCapture
0x0000000023e26000 	/System/Library/Frameworks/Carbon.framework/Versions/A/Frameworks/OpenScripting.framework/Versions/A/OpenScripting
0x0000000023e26000 	/System/Library/Frameworks/Carbon.framework/Versions/A/Frameworks/Print.framework/Versions/A/Print
0x0000000023e26000 	/System/Library/Frameworks/Carbon.framework/Versions/A/Frameworks/SecurityHI.framework/Versions/A/SecurityHI
0x00000001132c8000 	/Applications/IntelliJ IDEA.app/Contents/bin/libbreakgen64.jnilib
0x00000001132cb000 	/Library/Java/JavaVirtualMachines/jdk1.8.0_111.jdk/Contents/Home/jre/lib/libnet.dylib
0x00000001133c0000 	/Library/Java/JavaVirtualMachines/jdk1.8.0_111.jdk/Contents/Home/jre/lib/libprism_es2.dylib
0x0000000023e26000 	/System/Library/Frameworks/OpenGL.framework/Versions/A/Resources/GLEngine.bundle/GLEngine
0x0000000023e26000 	/System/Library/Frameworks/OpenGL.framework/Versions/A/Libraries/libGLProgrammability.dylib
0x000000012c380000 	/System/Library/Extensions/AppleIntelHD5000GraphicsGLDriver.bundle/Contents/MacOS/AppleIntelHD5000GraphicsGLDriver
0x0000000023e26000 	/System/Library/PrivateFrameworks/GPUSupport.framework/Versions/A/Libraries/libGPUSupportMercury.dylib
0x0000000023e26000 	/System/Library/Frameworks/OpenGL.framework/Versions/A/Resources/GLRendererFloat.bundle/GLRendererFloat
0x0000000023e26000 	/System/Library/Frameworks/OpenCL.framework/Versions/A/Libraries/libcldcpuengine.dylib
0x0000000023e26000 	/usr/lib/libcrypto.0.9.8.dylib
0x0000000023e26000 	/System/Library/PrivateFrameworks/TrustEvaluationAgent.framework/Versions/A/TrustEvaluationAgent
0x000000011385a000 	/Library/Java/JavaVirtualMachines/jdk1.8.0_111.jdk/Contents/Home/jre/lib/libglass.dylib
0x0000000023e26000 	/System/Library/PrivateFrameworks/CoreServicesInternal.framework/Versions/A/CoreServicesInternal
0x0000000023e26000 	/System/Library/CoreServices/RawCamera.bundle/Contents/MacOS/RawCamera
0x0000000023e26000 	/System/Library/Frameworks/Accelerate.framework/Versions/A/Frameworks/vImage.framework/Versions/A/Libraries/libCGInterfaces.dylib
0x0000000023e26000 	/System/Library/PrivateFrameworks/FamilyControls.framework/Versions/A/FamilyControls
0x0000000023e26000 	/System/Library/PrivateFrameworks/CommerceKit.framework/Versions/A/Frameworks/CommerceCore.framework/Versions/A/CommerceCore
0x0000000023e26000 	/System/Library/PrivateFrameworks/SystemAdministration.framework/Versions/A/SystemAdministration
0x0000000023e26000 	/System/Library/PrivateFrameworks/AppContainer.framework/Versions/A/AppContainer
0x0000000023e26000 	/System/Library/PrivateFrameworks/SecCodeWrapper.framework/Versions/A/SecCodeWrapper
0x0000000023e26000 	/System/Library/Frameworks/DirectoryService.framework/Versions/A/DirectoryService
0x0000000023e26000 	/System/Library/PrivateFrameworks/DiskImages.framework/Versions/A/DiskImages
0x0000000023e26000 	/System/Library/PrivateFrameworks/LoginUIKit.framework/Versions/A/Frameworks/LoginUICore.framework/Versions/A/LoginUICore
0x0000000023e26000 	/usr/lib/libCoreStorage.dylib
0x0000000023e26000 	/usr/lib/libcsfde.dylib
0x0000000023e26000 	/usr/lib/libodfde.dylib
0x0000000023e26000 	/System/Library/Frameworks/DiscRecording.framework/Versions/A/DiscRecording
0x0000000023e26000 	/usr/lib/libcurl.4.dylib
0x0000000023e26000 	/System/Library/PrivateFrameworks/MediaKit.framework/Versions/A/MediaKit
0x0000000023e26000 	/System/Library/PrivateFrameworks/ProtectedCloudStorage.framework/Versions/A/ProtectedCloudStorage
0x0000000023e26000 	/System/Library/PrivateFrameworks/EFILogin.framework/Versions/A/EFILogin
0x0000000023e26000 	/usr/lib/libutil.dylib
0x0000000023e26000 	/System/Library/Frameworks/LDAP.framework/Versions/A/LDAP
0x0000000023e26000 	/usr/lib/libsasl2.2.dylib
0x0000000023e26000 	/System/Library/PrivateFrameworks/CoreDaemon.framework/Versions/B/CoreDaemon
0x0000000023e26000 	/System/Library/PrivateFrameworks/AppleSRP.framework/Versions/A/AppleSRP
0x0000000023e26000 	/System/Library/PrivateFrameworks/APFS.framework/Versions/A/APFS
0x00000001138ee000 	/Library/Java/JavaVirtualMachines/jdk1.8.0_111.jdk/Contents/Home/jre/lib/libjavafx_font.dylib
0x0000000023e26000 	/System/Library/Frameworks/ApplicationServices.framework/Versions/A/Frameworks/ATS.framework/Versions/A/Resources/libTrueTypeScaler.dylib
0x00000001380f0000 	/System/Library/Extensions/AppleIntelHD5000GraphicsMTLDriver.bundle/Contents/MacOS/AppleIntelHD5000GraphicsMTLDriver
0x0000000023e26000 	/System/Library/PrivateFrameworks/ViewBridge.framework/Versions/A/ViewBridge
0x0000000023e26000 	/System/Library/PrivateFrameworks/XPCService.framework/Versions/A/XPCService
0x0000000023e26000 	/System/Library/PrivateFrameworks/AppSandbox.framework/Versions/A/AppSandbox
0x0000000023e26000 	/usr/lib/libsandbox.1.dylib
0x0000000023e26000 	/usr/lib/libMatch.1.dylib
0x00000001380e2000 	/Users/brok1n/Library/Java/Extensions/librxtxSerial.jnilib
0x000000012cd9c000 	/Library/Java/JavaVirtualMachines/jdk1.8.0_111.jdk/Contents/Home/jre/lib/libprism_common.dylib

VM Arguments:
jvm_args: -Didea.launcher.port=7537 -Didea.launcher.bin.path=/Applications/IntelliJ IDEA.app/Contents/bin -Dfile.encoding=UTF-8 
java_command: com.intellij.rt.execution.application.AppMain com.brok1n.java.fx.serialassistant.Main
java_class_path (initial): /Library/Java/JavaVirtualMachines/jdk1.8.0_111.jdk/Contents/Home/jre/lib/charsets.jar:/Library/Java/JavaVirtualMachines/jdk1.8.0_111.jdk/Contents/Home/jre/lib/deploy.jar:/Library/Java/JavaVirtualMachines/jdk1.8.0_111.jdk/Contents/Home/jre/lib/ext/cldrdata.jar:/Library/Java/JavaVirtualMachines/jdk1.8.0_111.jdk/Contents/Home/jre/lib/ext/dnsns.jar:/Library/Java/JavaVirtualMachines/jdk1.8.0_111.jdk/Contents/Home/jre/lib/ext/jaccess.jar:/Library/Java/JavaVirtualMachines/jdk1.8.0_111.jdk/Contents/Home/jre/lib/ext/jfxrt.jar:/Library/Java/JavaVirtualMachines/jdk1.8.0_111.jdk/Contents/Home/jre/lib/ext/localedata.jar:/Library/Java/JavaVirtualMachines/jdk1.8.0_111.jdk/Contents/Home/jre/lib/ext/nashorn.jar:/Library/Java/JavaVirtualMachines/jdk1.8.0_111.jdk/Contents/Home/jre/lib/ext/sunec.jar:/Library/Java/JavaVirtualMachines/jdk1.8.0_111.jdk/Contents/Home/jre/lib/ext/sunjce_provider.jar:/Library/Java/JavaVirtualMachines/jdk1.8.0_111.jdk/Contents/Home/jre/lib/ext/sunpkcs11.jar:/Library/Java/JavaVirtualMachines/jdk1.8.0_111.jdk/Contents/Home/jre/lib/ext/zipfs.jar:/Library/Java/JavaVirtualMachines/jdk1.8.0_111.jdk/Contents/Home/jre/lib/javaws.jar:/Library/Java/JavaVirtualMachines/jdk1.8.0_111.jdk/Contents/Home/jre/lib/jce.jar:/Library/Java/JavaVirtualMachines/jdk1.8.0_111.jdk/Contents/Home/jre/lib/jfr.jar:/Library/Java/JavaVirtualMachines/jdk1.8.0_111.jdk/Contents/Home/jre/lib/jfxswt.jar:/Library/Java/JavaVirtualMachines/jdk1.8.0_111.jdk/Contents/Home/jre/lib/jsse.jar:/Library/Java/JavaVirtualMachines/jdk1.8.0_111.jdk/Contents/Home/jre/lib/management-agent.jar:/Library/Java/JavaVirtualMachines/jdk1.8.0_111.jdk/Contents/Home/jre/lib/plugin.jar:/Library/Java/JavaVirtualMachines/jdk1.8.0_111.jdk/Contents/Home/jre/lib/resources.jar:/Library/Java/JavaVirtualMachines/jdk1.8.0_111.jdk/Contents/Home/jre/lib/rt.jar:/Library/Java/JavaVirtualMachines/jdk1.8.0_111.jdk/Contents/Home/lib/ant-javafx.jar:/Library/Java/JavaVirtualMachines/jdk1.8.0_111.jdk/Contents/Home
Launcher Type: SUN_STANDARD

Environment Variables:
JAVA_HOME=/Library/Java/JavaVirtualMachines/jdk1.8.0_111.jdk/Contents/Home
PATH=/Library/Frameworks/Python.framework/Versions/3.6/bin:/usr/local/bin:/usr/bin:/bin:/usr/sbin:/sbin:/Library/android-ndk-r13b/:/Users/brok1n/Library/Android/sdk/:/Users/brok1n/Library/Android/sdk/build-tools/25.0.2/:/Users/brok1n/Library/Android/sdk/platform-tools/:/Users/brok1n/Library/Android/sdk/tools/:/Users/brok1n/Library/Android/sdk/lldb/2.2//:/Users/brok1n/Library/Android/sdk/lldb/2.2//bin/:/Users/brok1n/Library/Android/sdk/cmake/3.6.3155560/:/Users/brok1n/Library/Android/sdk/cmake/3.6.3155560/bin/
SHELL=/bin/bash

Signal Handlers:
SIGSEGV: [libjvm.dylib+0x5b03ed], sa_mask[0]=11111111011111110111111111111111, sa_flags=SA_ONSTACK|SA_RESTART|SA_SIGINFO
SIGBUS: [libjvm.dylib+0x5b03ed], sa_mask[0]=11111111011111110111111111111111, sa_flags=SA_RESTART|SA_SIGINFO
SIGFPE: [libjvm.dylib+0x48711c], sa_mask[0]=11111111011111110111111111111111, sa_flags=SA_RESTART|SA_SIGINFO
SIGPIPE: [libjvm.dylib+0x48711c], sa_mask[0]=11111111011111110111111111111111, sa_flags=SA_RESTART|SA_SIGINFO
SIGXFSZ: [libjvm.dylib+0x48711c], sa_mask[0]=11111111011111110111111111111111, sa_flags=SA_RESTART|SA_SIGINFO
SIGILL: [libjvm.dylib+0x48711c], sa_mask[0]=11111111011111110111111111111111, sa_flags=SA_RESTART|SA_SIGINFO
SIGUSR1: SIG_DFL, sa_mask[0]=00000000000000000000000000000000, sa_flags=none
SIGUSR2: [libjvm.dylib+0x486c3a], sa_mask[0]=00100000000000000000000000000000, sa_flags=SA_RESTART|SA_SIGINFO
SIGHUP: [libjvm.dylib+0x485211], sa_mask[0]=11111111011111110111111111111111, sa_flags=SA_RESTART|SA_SIGINFO
SIGINT: [libjvm.dylib+0x485211], sa_mask[0]=11111111011111110111111111111111, sa_flags=SA_RESTART|SA_SIGINFO
SIGTERM: [libjvm.dylib+0x485211], sa_mask[0]=11111111011111110111111111111111, sa_flags=SA_RESTART|SA_SIGINFO
SIGQUIT: [libjvm.dylib+0x485211], sa_mask[0]=11111111011111110111111111111111, sa_flags=SA_RESTART|SA_SIGINFO


---------------  S Y S T E M  ---------------

OS:Bsduname:Darwin 16.4.0 Darwin Kernel Version 16.4.0: Thu Dec 22 22:53:21 PST 2016; root:xnu-3789.41.3~3/RELEASE_X86_64 x86_64
rlimit: STACK 8192k, CORE 0k, NPROC 709, NOFILE 10240, AS infinity
load average:2.45 2.39 2.43

CPU:total 8 (4 cores per cpu, 2 threads per core) family 6 model 70 stepping 1, cmov, cx8, fxsr, mmx, sse, sse2, sse3, ssse3, sse4.1, sse4.2, popcnt, avx, avx2, aes, clmul, erms, lzcnt, ht, tsc, tscinvbit, bmi1, bmi2

Memory: 4k page, physical 16777216k(160844k free)

/proc/meminfo:


vm_info: Java HotSpot(TM) 64-Bit Server VM (25.111-b14) for bsd-amd64 JRE (1.8.0_111-b14), built on Sep 22 2016 15:31:41 by "java_re" with gcc 4.2.1 (Based on Apple Inc. build 5658) (LLVM build 2336.11.00)

time: Mon Feb 20 21:11:30 2017
elapsed time: 19 seconds (0d 0h 0m 19s)

